<?xml version="1.0" encoding="UTF-8"?>
<testsuite xmlns:xsi="http://www.w3.org/2001/XMLSchema-instance" xsi:noNamespaceSchemaLocation="https://maven.apache.org/surefire/maven-surefire-plugin/xsd/surefire-test-report-3.0.xsd" version="3.0" name="org.kruokami.junit5app.ejemplos.models.CuentaTest$PruebasParametrizadas" time="0.045" tests="26" errors="0" skipped="0" failures="0">
  <properties>
    <property name="java.specification.version" value="17"/>
    <property name="sun.jnu.encoding" value="UTF-8"/>
    <property name="java.class.path" value="/home/marcos/Documents/Cursos/udemy/junitMokito/JunitMockito2023/primero/junit-app/target/test-classes:/home/marcos/Documents/Cursos/udemy/junitMokito/JunitMockito2023/primero/junit-app/target/classes:/home/marcos/.m2/repository/org/junit/jupiter/junit-jupiter/5.10.0-M1/junit-jupiter-5.10.0-M1.jar:/home/marcos/.m2/repository/org/junit/jupiter/junit-jupiter-api/5.10.0-M1/junit-jupiter-api-5.10.0-M1.jar:/home/marcos/.m2/repository/org/opentest4j/opentest4j/1.2.0/opentest4j-1.2.0.jar:/home/marcos/.m2/repository/org/junit/platform/junit-platform-commons/1.10.0-M1/junit-platform-commons-1.10.0-M1.jar:/home/marcos/.m2/repository/org/apiguardian/apiguardian-api/1.1.2/apiguardian-api-1.1.2.jar:/home/marcos/.m2/repository/org/junit/jupiter/junit-jupiter-params/5.10.0-M1/junit-jupiter-params-5.10.0-M1.jar:/home/marcos/.m2/repository/org/junit/jupiter/junit-jupiter-engine/5.10.0-M1/junit-jupiter-engine-5.10.0-M1.jar:/home/marcos/.m2/repository/org/junit/platform/junit-platform-engine/1.10.0-M1/junit-platform-engine-1.10.0-M1.jar:/home/marcos/.m2/repository/org/projectlombok/lombok/1.18.28/lombok-1.18.28.jar:"/>
    <property name="java.vm.vendor" value="Oracle Corporation"/>
    <property name="sun.arch.data.model" value="64"/>
    <property name="java.vendor.url" value="https://openjdk.java.net/"/>
    <property name="user.timezone" value="America/Guatemala"/>
    <property name="os.name" value="Linux"/>
    <property name="java.vm.specification.version" value="17"/>
    <property name="sun.java.launcher" value="SUN_STANDARD"/>
    <property name="user.country" value="US"/>
    <property name="sun.boot.library.path" value="/usr/lib/jvm/java-17-openjdk/lib"/>
    <property name="sun.java.command" value="/home/marcos/Documents/Cursos/udemy/junitMokito/JunitMockito2023/primero/junit-app/target/surefire/surefirebooter-20231030145848384_3.jar /home/marcos/Documents/Cursos/udemy/junitMokito/JunitMockito2023/primero/junit-app/target/surefire 2023-10-30T14-58-48_343-jvmRun1 surefire-20231030145848384_1tmp surefire_0-20231030145848384_2tmp"/>
    <property name="jdk.debug" value="release"/>
    <property name="surefire.test.class.path" value="/home/marcos/Documents/Cursos/udemy/junitMokito/JunitMockito2023/primero/junit-app/target/test-classes:/home/marcos/Documents/Cursos/udemy/junitMokito/JunitMockito2023/primero/junit-app/target/classes:/home/marcos/.m2/repository/org/junit/jupiter/junit-jupiter/5.10.0-M1/junit-jupiter-5.10.0-M1.jar:/home/marcos/.m2/repository/org/junit/jupiter/junit-jupiter-api/5.10.0-M1/junit-jupiter-api-5.10.0-M1.jar:/home/marcos/.m2/repository/org/opentest4j/opentest4j/1.2.0/opentest4j-1.2.0.jar:/home/marcos/.m2/repository/org/junit/platform/junit-platform-commons/1.10.0-M1/junit-platform-commons-1.10.0-M1.jar:/home/marcos/.m2/repository/org/apiguardian/apiguardian-api/1.1.2/apiguardian-api-1.1.2.jar:/home/marcos/.m2/repository/org/junit/jupiter/junit-jupiter-params/5.10.0-M1/junit-jupiter-params-5.10.0-M1.jar:/home/marcos/.m2/repository/org/junit/jupiter/junit-jupiter-engine/5.10.0-M1/junit-jupiter-engine-5.10.0-M1.jar:/home/marcos/.m2/repository/org/junit/platform/junit-platform-engine/1.10.0-M1/junit-platform-engine-1.10.0-M1.jar:/home/marcos/.m2/repository/org/projectlombok/lombok/1.18.28/lombok-1.18.28.jar:"/>
    <property name="sun.cpu.endian" value="little"/>
    <property name="user.home" value="/home/marcos"/>
    <property name="user.language" value="en"/>
    <property name="java.specification.vendor" value="Oracle Corporation"/>
    <property name="java.version.date" value="2023-08-24"/>
    <property name="java.home" value="/usr/lib/jvm/java-17-openjdk"/>
    <property name="file.separator" value="/"/>
    <property name="basedir" value="/home/marcos/Documents/Cursos/udemy/junitMokito/JunitMockito2023/primero/junit-app"/>
    <property name="java.vm.compressedOopsMode" value="Zero based"/>
    <property name="line.separator" value="&#10;"/>
    <property name="java.vm.specification.vendor" value="Oracle Corporation"/>
    <property name="java.specification.name" value="Java Platform API Specification"/>
    <property name="surefire.real.class.path" value="/home/marcos/Documents/Cursos/udemy/junitMokito/JunitMockito2023/primero/junit-app/target/surefire/surefirebooter-20231030145848384_3.jar"/>
    <property name="sun.management.compiler" value="HotSpot 64-Bit Tiered Compilers"/>
    <property name="java.runtime.version" value="17.0.8.1+1"/>
    <property name="user.name" value="marcos"/>
    <property name="path.separator" value=":"/>
    <property name="os.version" value="6.5.6-arch2-1"/>
    <property name="java.runtime.name" value="OpenJDK Runtime Environment"/>
    <property name="file.encoding" value="UTF-8"/>
    <property name="java.vm.name" value="OpenJDK 64-Bit Server VM"/>
    <property name="localRepository" value="/home/marcos/.m2/repository"/>
    <property name="java.vendor.url.bug" value="https://bugreport.java.com/bugreport/"/>
    <property name="java.io.tmpdir" value="/tmp"/>
    <property name="java.version" value="17.0.8.1"/>
    <property name="user.dir" value="/home/marcos/Documents/Cursos/udemy/junitMokito/JunitMockito2023/primero/junit-app"/>
    <property name="os.arch" value="amd64"/>
    <property name="java.vm.specification.name" value="Java Virtual Machine Specification"/>
    <property name="native.encoding" value="UTF-8"/>
    <property name="java.library.path" value="/usr/java/packages/lib:/usr/lib64:/lib64:/lib:/usr/lib"/>
    <property name="java.vm.info" value="mixed mode"/>
    <property name="java.vendor" value="N/A"/>
    <property name="java.vm.version" value="17.0.8.1+1"/>
    <property name="sun.io.unicode.encoding" value="UnicodeLittle"/>
    <property name="java.class.version" value="61.0"/>
  </properties>
  <testcase name="testDebitoCuentaParametrizadoCSV2(String, String, String)[1]" classname="org.kruokami.junit5app.ejemplos.models.CuentaTest$PruebasParametrizadas" time="0.007">
    <system-out><![CDATA[Iniciando el metodo.
1 --> 100
Finalizando metodo.
]]></system-out>
  </testcase>
  <testcase name="testDebitoCuentaParametrizadoCSV2(String, String, String)[2]" classname="org.kruokami.junit5app.ejemplos.models.CuentaTest$PruebasParametrizadas" time="0.001">
    <system-out><![CDATA[Iniciando el metodo.
2 --> 200
Finalizando metodo.
]]></system-out>
  </testcase>
  <testcase name="testDebitoCuentaParametrizadoCSV2(String, String, String)[3]" classname="org.kruokami.junit5app.ejemplos.models.CuentaTest$PruebasParametrizadas" time="0.001">
    <system-out><![CDATA[Iniciando el metodo.
3 --> 300
Finalizando metodo.
]]></system-out>
  </testcase>
  <testcase name="testDebitoCuentaParametrizadoCSV2(String, String, String)[4]" classname="org.kruokami.junit5app.ejemplos.models.CuentaTest$PruebasParametrizadas" time="0.001">
    <system-out><![CDATA[Iniciando el metodo.
4 --> 500
Finalizando metodo.
]]></system-out>
  </testcase>
  <testcase name="testDebitoCuentaParametrizadoCSV2(String, String, String)[5]" classname="org.kruokami.junit5app.ejemplos.models.CuentaTest$PruebasParametrizadas" time="0.001">
    <system-out><![CDATA[Iniciando el metodo.
5 --> 1000
Finalizando metodo.
]]></system-out>
  </testcase>
  <testcase name="testDebitoCuentaParametrizadoCSVFile(String, String)[1]" classname="org.kruokami.junit5app.ejemplos.models.CuentaTest$PruebasParametrizadas" time="0.001">
    <system-out><![CDATA[Iniciando el metodo.
1 --> 100
Finalizando metodo.
]]></system-out>
  </testcase>
  <testcase name="testDebitoCuentaParametrizadoCSVFile(String, String)[2]" classname="org.kruokami.junit5app.ejemplos.models.CuentaTest$PruebasParametrizadas" time="0.001">
    <system-out><![CDATA[Iniciando el metodo.
2 --> 200
Finalizando metodo.
]]></system-out>
  </testcase>
  <testcase name="testDebitoCuentaParametrizadoCSVFile(String, String)[3]" classname="org.kruokami.junit5app.ejemplos.models.CuentaTest$PruebasParametrizadas" time="0.0">
    <system-out><![CDATA[Iniciando el metodo.
3 --> 300
Finalizando metodo.
]]></system-out>
  </testcase>
  <testcase name="testDebitoCuentaParametrizadoCSVFile(String, String)[4]" classname="org.kruokami.junit5app.ejemplos.models.CuentaTest$PruebasParametrizadas" time="0.0">
    <system-out><![CDATA[Iniciando el metodo.
4 --> 400
Finalizando metodo.
]]></system-out>
  </testcase>
  <testcase name="testDebitoCuentaParametrizadoCSVFile(String, String)[5]" classname="org.kruokami.junit5app.ejemplos.models.CuentaTest$PruebasParametrizadas" time="0.0">
    <system-out><![CDATA[Iniciando el metodo.
5 --> 700
Finalizando metodo.
]]></system-out>
  </testcase>
  <testcase name="testDebitoCuentaParametrizadoCSVFile(String, String)[6]" classname="org.kruokami.junit5app.ejemplos.models.CuentaTest$PruebasParametrizadas" time="0.001">
    <system-out><![CDATA[Iniciando el metodo.
6 --> 1000
Finalizando metodo.
]]></system-out>
  </testcase>
  <testcase name="testDebitoCuentaParametrizadoCSV(String, String)[1]" classname="org.kruokami.junit5app.ejemplos.models.CuentaTest$PruebasParametrizadas" time="0.0">
    <system-out><![CDATA[Iniciando el metodo.
1 --> 100
Finalizando metodo.
]]></system-out>
  </testcase>
  <testcase name="testDebitoCuentaParametrizadoCSV(String, String)[2]" classname="org.kruokami.junit5app.ejemplos.models.CuentaTest$PruebasParametrizadas" time="0.0">
    <system-out><![CDATA[Iniciando el metodo.
2 --> 200
Finalizando metodo.
]]></system-out>
  </testcase>
  <testcase name="testDebitoCuentaParametrizadoCSV(String, String)[3]" classname="org.kruokami.junit5app.ejemplos.models.CuentaTest$PruebasParametrizadas" time="0.0">
    <system-out><![CDATA[Iniciando el metodo.
3 --> 300
Finalizando metodo.
]]></system-out>
  </testcase>
  <testcase name="testDebitoCuentaParametrizadoCSV(String, String)[4]" classname="org.kruokami.junit5app.ejemplos.models.CuentaTest$PruebasParametrizadas" time="0.0">
    <system-out><![CDATA[Iniciando el metodo.
4 --> 500
Finalizando metodo.
]]></system-out>
  </testcase>
  <testcase name="testDebitoCuentaParametrizadoCSV(String, String)[5]" classname="org.kruokami.junit5app.ejemplos.models.CuentaTest$PruebasParametrizadas" time="0.0">
    <system-out><![CDATA[Iniciando el metodo.
5 --> 1000
Finalizando metodo.
]]></system-out>
  </testcase>
  <testcase name="testDebitoCuentaParametrizadoMethodSource(String)[1]" classname="org.kruokami.junit5app.ejemplos.models.CuentaTest$PruebasParametrizadas" time="0.001">
    <system-out><![CDATA[Iniciando el metodo.
Finalizando metodo.
]]></system-out>
  </testcase>
  <testcase name="testDebitoCuentaParametrizadoMethodSource(String)[2]" classname="org.kruokami.junit5app.ejemplos.models.CuentaTest$PruebasParametrizadas" time="0.0">
    <system-out><![CDATA[Iniciando el metodo.
Finalizando metodo.
]]></system-out>
  </testcase>
  <testcase name="testDebitoCuentaParametrizadoMethodSource(String)[3]" classname="org.kruokami.junit5app.ejemplos.models.CuentaTest$PruebasParametrizadas" time="0.0">
    <system-out><![CDATA[Iniciando el metodo.
Finalizando metodo.
]]></system-out>
  </testcase>
  <testcase name="testDebitoCuentaParametrizadoMethodSource(String)[4]" classname="org.kruokami.junit5app.ejemplos.models.CuentaTest$PruebasParametrizadas" time="0.0">
    <system-out><![CDATA[Iniciando el metodo.
Finalizando metodo.
]]></system-out>
  </testcase>
  <testcase name="testDebitoCuentaParametrizadoMethodSource(String)[5]" classname="org.kruokami.junit5app.ejemplos.models.CuentaTest$PruebasParametrizadas" time="0.001">
    <system-out><![CDATA[Iniciando el metodo.
Finalizando metodo.
]]></system-out>
  </testcase>
  <testcase name="testDebitoCuentaParametrizado(String)[1]" classname="org.kruokami.junit5app.ejemplos.models.CuentaTest$PruebasParametrizadas" time="0.001">
    <system-out><![CDATA[Iniciando el metodo.
Finalizando metodo.
]]></system-out>
  </testcase>
  <testcase name="testDebitoCuentaParametrizado(String)[2]" classname="org.kruokami.junit5app.ejemplos.models.CuentaTest$PruebasParametrizadas" time="0.0">
    <system-out><![CDATA[Iniciando el metodo.
Finalizando metodo.
]]></system-out>
  </testcase>
  <testcase name="testDebitoCuentaParametrizado(String)[3]" classname="org.kruokami.junit5app.ejemplos.models.CuentaTest$PruebasParametrizadas" time="0.0">
    <system-out><![CDATA[Iniciando el metodo.
Finalizando metodo.
]]></system-out>
  </testcase>
  <testcase name="testDebitoCuentaParametrizado(String)[4]" classname="org.kruokami.junit5app.ejemplos.models.CuentaTest$PruebasParametrizadas" time="0.0">
    <system-out><![CDATA[Iniciando el metodo.
Finalizando metodo.
]]></system-out>
  </testcase>
  <testcase name="testDebitoCuentaParametrizado(String)[5]" classname="org.kruokami.junit5app.ejemplos.models.CuentaTest$PruebasParametrizadas" time="0.0">
    <system-out><![CDATA[Iniciando el metodo.
Finalizando metodo.
]]></system-out>
  </testcase>
</testsuite>